-------------------------------------------------------------------------------
Test set: oy.tol.tra.ListTests
-------------------------------------------------------------------------------
Tests run: 1, Failures: 1, Errors: 0, Skipped: 0, Time elapsed: 0.01 s <<< FAILURE! - in oy.tol.tra.ListTests
oy.tol.tra.ListTests  Time elapsed: 0.009 s  <<< FAILURE!
org.opentest4j.AssertionFailedError: Could not create list object to test. Implement listBuilder.createIntegerlist(). ==> expected: not <null>
	at oy.tol.tra.ListTests.initializelistImplementation(ListTests.java:46)

