# JRE version: Java(TM) SE Runtime Environment (15.0.1+9) (build 15.0.1+9-18)
# Java VM: Java HotSpot(TM) 64-Bit Server VM (15.0.1+9-18, mixed mode, sharing, tiered, compressed oops, parallel gc, bsd-amd64)
GC Precious Log:
 CPUs: 8 total, 8 available
 Memory: 8192M
 Large Page Support: Disabled
 NUMA Support: Disabled
 Compressed Oops: Enabled (Zero based)
 Heap Min Capacity: 100M
 Heap Initial Capacity: 100M
 Heap Max Capacity: 1G
 Pre-touch: Disabled
 Parallel Workers: 8
Heap:
 PSYoungGen      total 9728K, used 9114K [0x00000007eab00000, 0x00000007eba00000, 0x0000000800000000)
  eden space 9216K, 95% used [0x00000007eab00000,0x00000007eb39ea20,0x00000007eb400000)
  from space 512K, 56% used [0x00000007eb980000,0x00000007eb9c8000,0x00000007eba00000)
  to   space 512K, 0% used [0x00000007eb900000,0x00000007eb900000,0x00000007eb980000)
 ParOldGen       total 217088K, used 199473K [0x00000007c0000000, 0x00000007cd400000, 0x00000007eab00000)
  object space 217088K, 91% used [0x00000007c0000000,0x00000007cc2cc668,0x00000007cd400000)
 Metaspace       used 76860K, capacity 80216K, committed 80896K, reserved 1122304K
  class space    used 7700K, capacity 8886K, committed 8960K, reserved 1048576K
GC Heap History (20 events):
Event: 825.143 GC heap before
{Heap before GC invocations=3297 (full 21):
 PSYoungGen      total 9728K, used 9504K [0x00000007eab00000, 0x00000007eba00000, 0x0000000800000000)
  eden space 9216K, 100% used [0x00000007eab00000,0x00000007eb400000,0x00000007eb400000)
  from space 512K, 56% used [0x00000007eb980000,0x00000007eb9c8000,0x00000007eba00000)
  to   space 512K, 0% used [0x00000007eb900000,0x00000007eb900000,0x00000007eb980000)
 ParOldGen       total 217088K, used 199465K [0x00000007c0000000, 0x00000007cd400000, 0x00000007eab00000)
  object space 217088K, 91% used [0x00000007c0000000,0x00000007cc2ca668,0x00000007cd400000)
 Metaspace       used 76760K, capacity 80149K, committed 80896K, reserved 1122304K
  class space    used 7694K, capacity 8885K, committed 8960K, reserved 1048576K
}
Event: 825.144 GC heap after
{Heap after GC invocations=3297 (full 21):
 PSYoungGen      total 9728K, used 160K [0x00000007eab00000, 0x00000007eba00000, 0x0000000800000000)
  eden space 9216K, 0% used [0x00000007eab00000,0x00000007eab00000,0x00000007eb400000)
  from space 512K, 31% used [0x00000007eb900000,0x00000007eb928000,0x00000007eb980000)
  to   space 512K, 0% used [0x00000007eb980000,0x00000007eb980000,0x00000007eba00000)
 ParOldGen       total 217088K, used 199465K [0x00000007c0000000, 0x00000007cd400000, 0x00000007eab00000)
  object space 217088K, 91% used [0x00000007c0000000,0x00000007cc2ca668,0x00000007cd400000)
 Metaspace       used 76760K, capacity 80149K, committed 80896K, reserved 1122304K
  class space    used 7694K, capacity 8885K, committed 8960K, reserved 1048576K
}
Event: 825.171 GC heap before
{Heap before GC invocations=3298 (full 21):
 PSYoungGen      total 9728K, used 9376K [0x00000007eab00000, 0x00000007eba00000, 0x0000000800000000)
  eden space 9216K, 100% used [0x00000007eab00000,0x00000007eb400000,0x00000007eb400000)
  from space 512K, 31% used [0x00000007eb900000,0x00000007eb928000,0x00000007eb980000)
  to   space 512K, 0% used [0x00000007eb980000,0x00000007eb980000,0x00000007eba00000)
 ParOldGen       total 217088K, used 199465K [0x00000007c0000000, 0x00000007cd400000, 0x00000007eab00000)
  object space 217088K, 91% used [0x00000007c0000000,0x00000007cc2ca668,0x00000007cd400000)
 Metaspace       used 76760K, capacity 80149K, committed 80896K, reserved 1122304K
  class space    used 7694K, capacity 8885K, committed 8960K, reserved 1048576K
}
Event: 825.172 GC heap after
{Heap after GC invocations=3298 (full 21):
 PSYoungGen      total 9728K, used 160K [0x00000007eab00000, 0x00000007eba00000, 0x0000000800000000)
  eden space 9216K, 0% used [0x00000007eab00000,0x00000007eab00000,0x00000007eb400000)
  from space 512K, 31% used [0x00000007eb980000,0x00000007eb9a8000,0x00000007eba00000)
  to   space 512K, 0% used [0x00000007eb900000,0x00000007eb900000,0x00000007eb980000)
 ParOldGen       total 217088K, used 199465K [0x00000007c0000000, 0x00000007cd400000, 0x00000007eab00000)
  object space 217088K, 91% used [0x00000007c0000000,0x00000007cc2ca668,0x00000007cd400000)
 Metaspace       used 76760K, capacity 80149K, committed 80896K, reserved 1122304K
  class space    used 7694K, capacity 8885K, committed 8960K, reserved 1048576K
}
Event: 825.198 GC heap before
{Heap before GC invocations=3299 (full 21):
 PSYoungGen      total 9728K, used 9376K [0x00000007eab00000, 0x00000007eba00000, 0x0000000800000000)
  eden space 9216K, 100% used [0x00000007eab00000,0x00000007eb400000,0x00000007eb400000)
  from space 512K, 31% used [0x00000007eb980000,0x00000007eb9a8000,0x00000007eba00000)
  to   space 512K, 0% used [0x00000007eb900000,0x00000007eb900000,0x00000007eb980000)
 ParOldGen       total 217088K, used 199465K [0x00000007c0000000, 0x00000007cd400000, 0x00000007eab00000)
  object space 217088K, 91% used [0x00000007c0000000,0x00000007cc2ca668,0x00000007cd400000)
 Metaspace       used 76760K, capacity 80149K, committed 80896K, reserved 1122304K
  class space    used 7694K, capacity 8885K, committed 8960K, reserved 1048576K
}
Event: 825.199 GC heap after
{Heap after GC invocations=3299 (full 21):
 PSYoungGen      total 9728K, used 224K [0x00000007eab00000, 0x00000007eba00000, 0x0000000800000000)
  eden space 9216K, 0% used [0x00000007eab00000,0x00000007eab00000,0x00000007eb400000)
  from space 512K, 43% used [0x00000007eb900000,0x00000007eb938000,0x00000007eb980000)
  to   space 512K, 0% used [0x00000007eb980000,0x00000007eb980000,0x00000007eba00000)
 ParOldGen       total 217088K, used 199465K [0x00000007c0000000, 0x00000007cd400000, 0x00000007eab00000)
  object space 217088K, 91% used [0x00000007c0000000,0x00000007cc2ca668,0x00000007cd400000)
 Metaspace       used 76760K, capacity 80149K, committed 80896K, reserved 1122304K
  class space    used 7694K, capacity 8885K, committed 8960K, reserved 1048576K
}
Event: 825.226 GC heap before
{Heap before GC invocations=3300 (full 21):
 PSYoungGen      total 9728K, used 9440K [0x00000007eab00000, 0x00000007eba00000, 0x0000000800000000)
  eden space 9216K, 100% used [0x00000007eab00000,0x00000007eb400000,0x00000007eb400000)
  from space 512K, 43% used [0x00000007eb900000,0x00000007eb938000,0x00000007eb980000)
  to   space 512K, 0% used [0x00000007eb980000,0x00000007eb980000,0x00000007eba00000)
 ParOldGen       total 217088K, used 199465K [0x00000007c0000000, 0x00000007cd400000, 0x00000007eab00000)
  object space 217088K, 91% used [0x00000007c0000000,0x00000007cc2ca668,0x00000007cd400000)
 Metaspace       used 76760K, capacity 80149K, committed 80896K, reserved 1122304K
  class space    used 7694K, capacity 8885K, committed 8960K, reserved 1048576K
}
Event: 825.227 GC heap after
{Heap after GC invocations=3300 (full 21):
 PSYoungGen      total 9728K, used 128K [0x00000007eab00000, 0x00000007eba00000, 0x0000000800000000)
  eden space 9216K, 0% used [0x00000007eab00000,0x00000007eab00000,0x00000007eb400000)
  from space 512K, 25% used [0x00000007eb980000,0x00000007eb9a0000,0x00000007eba00000)
  to   space 512K, 0% used [0x00000007eb900000,0x00000007eb900000,0x00000007eb980000)
 ParOldGen       total 217088K, used 199465K [0x00000007c0000000, 0x00000007cd400000, 0x00000007eab00000)
  object space 217088K, 91% used [0x00000007c0000000,0x00000007cc2ca668,0x00000007cd400000)
 Metaspace       used 76760K, capacity 80149K, committed 80896K, reserved 1122304K
  class space    used 7694K, capacity 8885K, committed 8960K, reserved 1048576K
}
Event: 825.254 GC heap before
{Heap before GC invocations=3301 (full 21):
 PSYoungGen      total 9728K, used 9344K [0x00000007eab00000, 0x00000007eba00000, 0x0000000800000000)
  eden space 9216K, 100% used [0x00000007eab00000,0x00000007eb400000,0x00000007eb400000)
  from space 512K, 25% used [0x00000007eb980000,0x00000007eb9a0000,0x00000007eba00000)
  to   space 512K, 0% used [0x00000007eb900000,0x00000007eb900000,0x00000007eb980000)
 ParOldGen       total 217088K, used 199465K [0x00000007c0000000, 0x00000007cd400000, 0x00000007eab00000)
  object space 217088K, 91% used [0x00000007c0000000,0x00000007cc2ca668,0x00000007cd400000)
 Metaspace       used 76760K, capacity 80149K, committed 80896K, reserved 1122304K
  class space    used 7694K, capacity 8885K, committed 8960K, reserved 1048576K
}
Event: 825.255 GC heap after
{Heap after GC invocations=3301 (full 21):
 PSYoungGen      total 9728K, used 96K [0x00000007eab00000, 0x00000007eba00000, 0x0000000800000000)
  eden space 9216K, 0% used [0x00000007eab00000,0x00000007eab00000,0x00000007eb400000)
  from space 512K, 18% used [0x00000007eb900000,0x00000007eb918000,0x00000007eb980000)
  to   space 512K, 0% used [0x00000007eb980000,0x00000007eb980000,0x00000007eba00000)
 ParOldGen       total 217088K, used 199465K [0x00000007c0000000, 0x00000007cd400000, 0x00000007eab00000)
  object space 217088K, 91% used [0x00000007c0000000,0x00000007cc2ca668,0x00000007cd400000)
 Metaspace       used 76760K, capacity 80149K, committed 80896K, reserved 1122304K
  class space    used 7694K, capacity 8885K, committed 8960K, reserved 1048576K
}
Event: 825.282 GC heap before
{Heap before GC invocations=3302 (full 21):
 PSYoungGen      total 9728K, used 9312K [0x00000007eab00000, 0x00000007eba00000, 0x0000000800000000)
  eden space 9216K, 100% used [0x00000007eab00000,0x00000007eb400000,0x00000007eb400000)
  from space 512K, 18% used [0x00000007eb900000,0x00000007eb918000,0x00000007eb980000)
  to   space 512K, 0% used [0x00000007eb980000,0x00000007eb980000,0x00000007eba00000)
 ParOldGen       total 217088K, used 199465K [0x00000007c0000000, 0x00000007cd400000, 0x00000007eab00000)
  object space 217088K, 91% used [0x00000007c0000000,0x00000007cc2ca668,0x00000007cd400000)
 Metaspace       used 76760K, capacity 80149K, committed 80896K, reserved 1122304K
  class space    used 7694K, capacity 8885K, committed 8960K, reserved 1048576K
}
Event: 825.283 GC heap after
{Heap after GC invocations=3302 (full 21):
 PSYoungGen      total 9728K, used 96K [0x00000007eab00000, 0x00000007eba00000, 0x0000000800000000)
  eden space 9216K, 0% used [0x00000007eab00000,0x00000007eab00000,0x00000007eb400000)
  from space 512K, 18% used [0x00000007eb980000,0x00000007eb998000,0x00000007eba00000)
  to   space 512K, 0% used [0x00000007eb900000,0x00000007eb900000,0x00000007eb980000)
 ParOldGen       total 217088K, used 199465K [0x00000007c0000000, 0x00000007cd400000, 0x00000007eab00000)
  object space 217088K, 91% used [0x00000007c0000000,0x00000007cc2ca668,0x00000007cd400000)
 Metaspace       used 76760K, capacity 80149K, committed 80896K, reserved 1122304K
  class space    used 7694K, capacity 8885K, committed 8960K, reserved 1048576K
}
Event: 825.315 GC heap before
{Heap before GC invocations=3303 (full 21):
 PSYoungGen      total 9728K, used 9312K [0x00000007eab00000, 0x00000007eba00000, 0x0000000800000000)
  eden space 9216K, 100% used [0x00000007eab00000,0x00000007eb400000,0x00000007eb400000)
  from space 512K, 18% used [0x00000007eb980000,0x00000007eb998000,0x00000007eba00000)
  to   space 512K, 0% used [0x00000007eb900000,0x00000007eb900000,0x00000007eb980000)
 ParOldGen       total 217088K, used 199465K [0x00000007c0000000, 0x00000007cd400000, 0x00000007eab00000)
  object space 217088K, 91% used [0x00000007c0000000,0x00000007cc2ca668,0x00000007cd400000)
 Metaspace       used 76767K, capacity 80149K, committed 80896K, reserved 1122304K
  class space    used 7694K, capacity 8885K, committed 8960K, reserved 1048576K
}
Event: 825.316 GC heap after
{Heap after GC invocations=3303 (full 21):
 PSYoungGen      total 9728K, used 288K [0x00000007eab00000, 0x00000007eba00000, 0x0000000800000000)
  eden space 9216K, 0% used [0x00000007eab00000,0x00000007eab00000,0x00000007eb400000)
  from space 512K, 56% used [0x00000007eb900000,0x00000007eb948000,0x00000007eb980000)
  to   space 512K, 0% used [0x00000007eb980000,0x00000007eb980000,0x00000007eba00000)
 ParOldGen       total 217088K, used 199465K [0x00000007c0000000, 0x00000007cd400000, 0x00000007eab00000)
  object space 217088K, 91% used [0x00000007c0000000,0x00000007cc2ca668,0x00000007cd400000)
 Metaspace       used 76767K, capacity 80149K, committed 80896K, reserved 1122304K
  class space    used 7694K, capacity 8885K, committed 8960K, reserved 1048576K
}
Event: 825.343 GC heap before
{Heap before GC invocations=3304 (full 21):
 PSYoungGen      total 9728K, used 9504K [0x00000007eab00000, 0x00000007eba00000, 0x0000000800000000)
  eden space 9216K, 100% used [0x00000007eab00000,0x00000007eb400000,0x00000007eb400000)
  from space 512K, 56% used [0x00000007eb900000,0x00000007eb948000,0x00000007eb980000)
  to   space 512K, 0% used [0x00000007eb980000,0x00000007eb980000,0x00000007eba00000)
 ParOldGen       total 217088K, used 199465K [0x00000007c0000000, 0x00000007cd400000, 0x00000007eab00000)
  object space 217088K, 91% used [0x00000007c0000000,0x00000007cc2ca668,0x00000007cd400000)
 Metaspace       used 76771K, capacity 80149K, committed 80896K, reserved 1122304K
  class space    used 7695K, capacity 8885K, committed 8960K, reserved 1048576K
}
Event: 825.343 GC heap after
{Heap after GC invocations=3304 (full 21):
 PSYoungGen      total 9728K, used 320K [0x00000007eab00000, 0x00000007eba00000, 0x0000000800000000)
  eden space 9216K, 0% used [0x00000007eab00000,0x00000007eab00000,0x00000007eb400000)
  from space 512K, 62% used [0x00000007eb980000,0x00000007eb9d0000,0x00000007eba00000)
  to   space 512K, 0% used [0x00000007eb900000,0x00000007eb900000,0x00000007eb980000)
 ParOldGen       total 217088K, used 199465K [0x00000007c0000000, 0x00000007cd400000, 0x00000007eab00000)
  object space 217088K, 91% used [0x00000007c0000000,0x00000007cc2ca668,0x00000007cd400000)
 Metaspace       used 76771K, capacity 80149K, committed 80896K, reserved 1122304K
  class space    used 7695K, capacity 8885K, committed 8960K, reserved 1048576K
}
Event: 825.379 GC heap before
{Heap before GC invocations=3305 (full 21):
 PSYoungGen      total 9728K, used 9536K [0x00000007eab00000, 0x00000007eba00000, 0x0000000800000000)
  eden space 9216K, 100% used [0x00000007eab00000,0x00000007eb400000,0x00000007eb400000)
  from space 512K, 62% used [0x00000007eb980000,0x00000007eb9d0000,0x00000007eba00000)
  to   space 512K, 0% used [0x00000007eb900000,0x00000007eb900000,0x00000007eb980000)
 ParOldGen       total 217088K, used 199465K [0x00000007c0000000, 0x00000007cd400000, 0x00000007eab00000)
  object space 217088K, 91% used [0x00000007c0000000,0x00000007cc2ca668,0x00000007cd400000)
 Metaspace       used 76831K, capacity 80213K, committed 80896K, reserved 1122304K
  class space    used 7699K, capacity 8885K, committed 8960K, reserved 1048576K
}
Event: 825.380 GC heap after
{Heap after GC invocations=3305 (full 21):
 PSYoungGen      total 9728K, used 320K [0x00000007eab00000, 0x00000007eba00000, 0x0000000800000000)
  eden space 9216K, 0% used [0x00000007eab00000,0x00000007eab00000,0x00000007eb400000)
  from space 512K, 62% used [0x00000007eb900000,0x00000007eb950000,0x00000007eb980000)
  to   space 512K, 0% used [0x00000007eb980000,0x00000007eb980000,0x00000007eba00000)
 ParOldGen       total 217088K, used 199473K [0x00000007c0000000, 0x00000007cd400000, 0x00000007eab00000)
  object space 217088K, 91% used [0x00000007c0000000,0x00000007cc2cc668,0x00000007cd400000)
 Metaspace       used 76831K, capacity 80213K, committed 80896K, reserved 1122304K
  class space    used 7699K, capacity 8885K, committed 8960K, reserved 1048576K
}
Event: 825.407 GC heap before
{Heap before GC invocations=3306 (full 21):
 PSYoungGen      total 9728K, used 9536K [0x00000007eab00000, 0x00000007eba00000, 0x0000000800000000)
  eden space 9216K, 100% used [0x00000007eab00000,0x00000007eb400000,0x00000007eb400000)
  from space 512K, 62% used [0x00000007eb900000,0x00000007eb950000,0x00000007eb980000)
  to   space 512K, 0% used [0x00000007eb980000,0x00000007eb980000,0x00000007eba00000)
 ParOldGen       total 217088K, used 199473K [0x00000007c0000000, 0x00000007cd400000, 0x00000007eab00000)
  object space 217088K, 91% used [0x00000007c0000000,0x00000007cc2cc668,0x00000007cd400000)
 Metaspace       used 76850K, capacity 80213K, committed 80896K, reserved 1122304K
  class space    used 7699K, capacity 8885K, committed 8960K, reserved 1048576K
}
Event: 825.408 GC heap after
{Heap after GC invocations=3306 (full 21):
 PSYoungGen      total 9728K, used 288K [0x00000007eab00000, 0x00000007eba00000, 0x0000000800000000)
  eden space 9216K, 0% used [0x00000007eab00000,0x00000007eab00000,0x00000007eb400000)
  from space 512K, 56% used [0x00000007eb980000,0x00000007eb9c8000,0x00000007eba00000)
  to   space 512K, 0% used [0x00000007eb900000,0x00000007eb900000,0x00000007eb980000)
 ParOldGen       total 217088K, used 199473K [0x00000007c0000000, 0x00000007cd400000, 0x00000007eab00000)
  object space 217088K, 91% used [0x00000007c0000000,0x00000007cc2cc668,0x00000007cd400000)
 Metaspace       used 76850K, capacity 80213K, committed 80896K, reserved 1122304K
  class space    used 7699K, capacity 8885K, committed 8960K, reserved 1048576K
}

